Using pre-set license
Built from '2021.1/china_unity/release' branch; Version is '2021.1.4f1c1 (3a82435d3076) revision 3834435'; Using compiler version '192528614'; Build Type 'Release'
OS: 'Windows 10 Home China; OS build 19044.1620; Version 2009; 64bit' Language: 'zh' Physical Memory: 15776 MB
BatchMode: 1, IsHumanControllingUs: 0, StartBugReporterOnCrash: 0, Is64bit: 1, IsPro: 0

 COMMAND LINE ARGUMENTS:
D:\software\Unity\2021.1.4f1c1\Editor\Unity.exe
-adb2
-batchMode
-noUpm
-name
AssetImportWorker0
-projectPath
D:/Project/unity_project/Music By nyc
-logFile
Logs/AssetImportWorker0.log
-srvPort
4842
Successfully changed project path to: D:/Project/unity_project/Music By nyc
D:/Project/unity_project/Music By nyc
Using Asset Import Pipeline V2.
Refreshing native plugins compatible for Editor in 71.04 ms, found 1 plugins.
Preloading 0 native plugins for Editor in 0.00 ms.
Initialize engine version: 2021.1.4f1c1 (3a82435d3076)
[Subsystems] Discovering subsystems at path D:/software/Unity/2021.1.4f1c1/Editor/Data/Resources/UnitySubsystems
[Subsystems] Discovering subsystems at path D:/Project/unity_project/Music By nyc/Assets
GfxDevice: creating device client; threaded=0; jobified=0
Direct3D:
    Version:  Direct3D 11.0 [level 11.1]
    Renderer: NVIDIA GeForce RTX 3050 Ti Laptop GPU (ID=0x25a0)
    Vendor:   NVIDIA
    VRAM:     3990 MB
    Driver:   30.0.15.1215
Initialize mono
Mono path[0] = 'D:/software/Unity/2021.1.4f1c1/Editor/Data/Managed'
Mono path[1] = 'D:/software/Unity/2021.1.4f1c1/Editor/Data/MonoBleedingEdge/lib/mono/unityjit'
Mono config path = 'D:/software/Unity/2021.1.4f1c1/Editor/Data/MonoBleedingEdge/etc'
Using monoOptions --debugger-agent=transport=dt_socket,embedding=1,server=y,suspend=n,address=127.0.0.1:56296
Begin MonoManager ReloadAssembly
Registering precompiled unity dll's ...
Register platform support module: D:/software/Unity/2021.1.4f1c1/Editor/Data/PlaybackEngines/WindowsStandaloneSupport/UnityEditor.WindowsStandalone.Extensions.dll
Registered in 0.001106 seconds.
Native extension for WindowsStandalone target not found
Refreshing native plugins compatible for Editor in 72.86 ms, found 1 plugins.
Preloading 0 native plugins for Editor in 0.00 ms.
Mono: successfully reloaded assembly
- Completed reload, in  0.754 seconds
Platform modules already initialized, skipping
Registering precompiled user dll's ...
Registered in 0.003232 seconds.
Begin MonoManager ReloadAssembly
Native extension for WindowsStandalone target not found
Refreshing native plugins compatible for Editor in 71.31 ms, found 1 plugins.
Preloading 0 native plugins for Editor in 0.00 ms.
Mono: successfully reloaded assembly
- Completed reload, in  0.836 seconds
Platform modules already initialized, skipping
========================================================================
Worker process is ready to serve import requests
Shader 'FairyGUI/TextMeshPro/Distance Field': fallback shader 'TextMeshPro/Mobile/Distance Field' not found
Shader 'FairyGUI/TextMeshPro/Distance Field': fallback shader 'TextMeshPro/Mobile/Distance Field' not found
Launched and connected shader compiler UnityShaderCompiler.exe after 0.05 seconds
Refreshing native plugins compatible for Editor in 2.00 ms, found 1 plugins.
Preloading 0 native plugins for Editor in 0.00 ms.
Unloading 3221 Unused Serialized files (Serialized files now loaded: 0)
System memory in use before: 199.0 MB.
System memory in use after: 199.2 MB.

Unloading 23 unused Assets to reduce memory usage. Loaded Objects now: 3714.
Total: 4.692000 ms (FindLiveObjects: 0.772000 ms CreateObjectMapping: 0.333300 ms MarkObjects: 3.403100 ms  DeleteObjects: 0.182300 ms)

========================================================================
Received Import Request.
  path: Assets/MyDemo/Scripts/Manager/MusicController.cs
  artifactKey: Guid(42f0be10bbd1bd145b5574a88d7e5a6a) Importer(815301076,1909f56bfc062723c751e8b465ee728b)
Start importing Assets/MyDemo/Scripts/Manager/MusicController.cs using Guid(42f0be10bbd1bd145b5574a88d7e5a6a) Importer(815301076,1909f56bfc062723c751e8b465ee728b)  -> (artifact id: 'f3d65022c9769a1396818f8577ee8e6f') in 0.035146 seconds 
========================================================================
Received Import Request.
  Time since last request: 0.000176 seconds.
  path: Assets/MyDemo/Scripts/Manager/MyGameManager.cs
  artifactKey: Guid(cfe4adda1d71c934a9d89877296e4a1f) Importer(815301076,1909f56bfc062723c751e8b465ee728b)
Start importing Assets/MyDemo/Scripts/Manager/MyGameManager.cs using Guid(cfe4adda1d71c934a9d89877296e4a1f) Importer(815301076,1909f56bfc062723c751e8b465ee728b)  -> (artifact id: 'a95b7393532886c0378777b06cbac3ff') in 0.001854 seconds 
AssetImportWorkerClient::OnTransportError - code=2 error=End of file
